1477299901,wozaijia,{"status":true,"message":"","data":{"ios":{"version":"2.3.4","forceUpdate":false,"character":"ios\u7248\u672c\u66f4\u65b0\u7279\u6027","updateUrl":""},"Android":{"version":"2.3.4","forceUpdate":false,"character":"android\u7248\u672c\u66f4\u65b0\u7279\u6027","updateUrl":""}},"errorCode":0,"unauthorized":false}, 
1477300136,wozaijia,{"errorCode":1014}, 
1477300166,wozaijia,{"errorCode":1014}, 
1477300187,wozaijia,{"errorCode":1014}, 
1477358408,,{"errorCode":1014}, 
1477361085,,{"errorCode":1014}, 
1477361190,,{"errorCode":1014}, 
1477361304,wozaijia,{"errorCode":1014}, 
1477361572,aaa,{"status":false,"message":"id\u4e0d\u6b63\u786e","data":null,"errorCode":1014}, 
1477361610,aaa,{"status":false,"message":"id\u4e0d\u6b63\u786e","data":null,"errorCode":1014}, 
1477361679,,{"status":false,"message":"id\u4e3a\u7a7a","data":null,"errorCode":1014}, 
1477361921,,{"status":false,"message":"id\u4e3a\u7a7a","data":null,"errorCode":1014}, 
1477361944,,{"status":false,"message":"id\u4e3a\u7a7a","data":null,"errorCode":1014}, 
1477361965,wozaijia,{"status":true,"message":"","data":{"ios":{"version":"2.3.4","forceUpdate":false,"character":"ios\u7248\u672c\u66f4\u65b0\u7279\u6027","updateUrl":""},"Android":{"version":"2.3.4","forceUpdate":false,"character":"android\u7248\u672c\u66f4\u65b0\u7279\u6027","updateUrl":""}},"errorCode":1014,"unauthorized":false}, 
1477362016,wozaijia,{"status":true,"message":"","data":{"ios":{"version":"2.3.4","forceUpdate":false,"character":"ios\u7248\u672c\u66f4\u65b0\u7279\u6027","updateUrl":""},"Android":{"version":"2.3.4","forceUpdate":false,"character":"android\u7248\u672c\u66f4\u65b0\u7279\u6027","updateUrl":""}},"errorCode":1014,"unauthorized":false}, 
1477362085,wozaijia,{"status":true,"message":"","data":{"ios":{"version":"2.3.4","forceUpdate":false,"character":"ios\u7248\u672c\u66f4\u65b0\u7279\u6027","updateUrl":""},"Android":{"version":"2.3.4","forceUpdate":false,"character":"android\u7248\u672c\u66f4\u65b0\u7279\u6027","updateUrl":""}},"errorCode":1014,"unauthorized":false}, 
1477362168,wozaijia,{"status":true,"message":"","data":{"ios":{"version":"2.3.4","forceUpdate":false,"character":"ios\u7248\u672c\u66f4\u65b0\u7279\u6027","updateUrl":""},"Android":{"version":"2.3.4","forceUpdate":false,"character":"android\u7248\u672c\u66f4\u65b0\u7279\u6027","updateUrl":""}},"errorCode":1014,"unauthorized":false}, 
1477376685,,{"status":false,"message":"id\u4e3a\u7a7a","data":null,"errorCode":1014}, 
1477376733,,{"status":false,"message":"id\u4e3a\u7a7a","data":null,"errorCode":1014}, 
1477377000,,{"status":false,"message":"id\u4e3a\u7a7a","data":null,"errorCode":1014}, 
1477377055,,{"status":false,"message":"id\u4e3a\u7a7a","data":null,"errorCode":1014}, 
1477377108,,{"status":false,"message":"id\u4e3a\u7a7a","data":null,"errorCode":1014}, 
1477377144,,{"status":false,"message":"id\u4e3a\u7a7a","data":null,"errorCode":1014}, 
1477377434,,{"status":false,"message":"id\u4e3a\u7a7a","data":null,"errorCode":1014}, 
1477379559,,{"status":false,"message":"id\u4e3a\u7a7a","data":null,"errorCode":1014}, 
1477379729,wozaijia,{"status":true,"message":"","data":{"ios":{"version":"2.3.4","forceUpdate":false,"character":"ios\u7248\u672c\u66f4\u65b0\u7279\u6027","updateUrl":""},"Android":{"version":"2.3.4","forceUpdate":false,"character":"android\u7248\u672c\u66f4\u65b0\u7279\u6027","updateUrl":""}},"errorCode":1014,"unauthorized":false}, 
1477380227,wozaijia,{"status":true,"message":"","data":{"ios":{"version":"2.3.4","forceUpdate":false,"character":"ios\u7248\u672c\u66f4\u65b0\u7279\u6027","updateUrl":""},"Android":{"version":"2.3.4","forceUpdate":false,"character":"android\u7248\u672c\u66f4\u65b0\u7279\u6027","updateUrl":""}},"errorCode":1014,"unauthorized":false}, 
1477380387,wozaijia,{"status":true,"message":"","data":{"ios":{"version":"2.3.4","forceUpdate":false,"character":"ios\u7248\u672c\u66f4\u65b0\u7279\u6027","updateUrl":""},"Android":{"version":"2.3.4","forceUpdate":false,"character":"android\u7248\u672c\u66f4\u65b0\u7279\u6027","updateUrl":""}},"errorCode":1014,"unauthorized":false}, 
1477386917,wozaijia,{"status":true,"message":"","data":{"ios":{"version":"2.3.4","forceUpdate":false,"character":"ios\u7248\u672c\u66f4\u65b0\u7279\u6027","updateUrl":""},"Android":{"version":"2.3.4","forceUpdate":false,"character":"android\u7248\u672c\u66f4\u65b0\u7279\u6027","updateUrl":""}},"errorCode":1014,"unauthorized":false}, 
1477386946,wozaijia,{"status":true,"message":"","data":{"ios":{"version":"2.3.4","forceUpdate":false,"character":"ios\u7248\u672c\u66f4\u65b0\u7279\u6027","updateUrl":""},"Android":{"version":"2.3.4","forceUpdate":false,"character":"android\u7248\u672c\u66f4\u65b0\u7279\u6027","updateUrl":""}},"errorCode":1014,"unauthorized":false}, 
1477443481,wozaijia,{"status":true,"message":"","data":{"ios":{"version":"2.3.4","forceUpdate":false,"character":"ios\u7248\u672c\u66f4\u65b0\u7279\u6027","updateUrl":""},"Android":{"version":"2.3.4","forceUpdate":false,"character":"android\u7248\u672c\u66f4\u65b0\u7279\u6027","updateUrl":""}},"errorCode":1014,"unauthorized":false}, 
1477444537,wozaijia,{"status":true,"message":"","data":{"ios":{"version":"2.3.4","forceUpdate":false,"character":"ios\u7248\u672c\u66f4\u65b0\u7279\u6027","updateUrl":""},"Android":{"version":"2.3.4","forceUpdate":false,"character":"android\u7248\u672c\u66f4\u65b0\u7279\u6027","updateUrl":""}},"errorCode":1014,"unauthorized":false}, 
1477462068,wozaijia,{"status":true,"message":"","data":{"ios":{"version":"2.3.4","forceUpdate":false,"character":"ios\u7248\u672c\u66f4\u65b0\u7279\u6027","updateUrl":""},"Android":{"version":"2.3.4","forceUpdate":false,"character":"android\u7248\u672c\u66f4\u65b0\u7279\u6027","updateUrl":""}},"errorCode":1014,"unauthorized":false}, 
1477464964,wozaijia,{"status":true,"message":"","data":{"ios":{"version":"2.3.4","forceUpdate":false,"character":"ios\u7248\u672c\u66f4\u65b0\u7279\u6027","updateUrl":""},"Android":{"version":"2.3.4","forceUpdate":false,"character":"android\u7248\u672c\u66f4\u65b0\u7279\u6027","updateUrl":""}},"errorCode":1014,"unauthorized":false}, 
1477465067,wozaijia,{"status":true,"message":"","data":{"ios":{"version":"2.3.4","forceUpdate":false,"character":"ios\u7248\u672c\u66f4\u65b0\u7279\u6027","updateUrl":""},"Android":{"version":"2.3.4","forceUpdate":false,"character":"android\u7248\u672c\u66f4\u65b0\u7279\u6027","updateUrl":""}},"errorCode":1014,"unauthorized":false}, 
1477465165,wozaijia,{"status":true,"message":"","data":{"ios":{"version":"2.3.4","forceUpdate":false,"character":"ios\u7248\u672c\u66f4\u65b0\u7279\u6027","updateUrl":""},"Android":{"version":"2.3.4","forceUpdate":false,"character":"android\u7248\u672c\u66f4\u65b0\u7279\u6027","updateUrl":""}},"errorCode":1014,"unauthorized":false}, 
1477465199,wozaijia,{"status":true,"message":"","data":{"ios":{"version":"2.3.4","forceUpdate":false,"character":"ios\u7248\u672c\u66f4\u65b0\u7279\u6027","updateUrl":""},"Android":{"version":"2.3.4","forceUpdate":false,"character":"android\u7248\u672c\u66f4\u65b0\u7279\u6027","updateUrl":""}},"errorCode":1014,"unauthorized":false}, 
1477465353,wozaijia,{"status":true,"message":"","data":{"ios":{"version":"2.3.4","forceUpdate":false,"character":"ios\u7248\u672c\u66f4\u65b0\u7279\u6027","updateUrl":""},"Android":{"version":"2.3.4","forceUpdate":false,"character":"android\u7248\u672c\u66f4\u65b0\u7279\u6027","updateUrl":""}},"errorCode":1014,"unauthorized":false}, 
1477465518,wozaijia,{"status":true,"message":"","data":{"ios":{"version":"2.3.4","forceUpdate":false,"character":"ios\u7248\u672c\u66f4\u65b0\u7279\u6027","updateUrl":""},"Android":{"version":"2.3.4","forceUpdate":false,"character":"android\u7248\u672c\u66f4\u65b0\u7279\u6027","updateUrl":""}},"errorCode":1014,"unauthorized":false}, 
1477465952,wozaijia,{"status":true,"message":"","data":{"ios":{"version":"2.3.4","forceUpdate":false,"character":"ios\u7248\u672c\u66f4\u65b0\u7279\u6027","updateUrl":""},"Android":{"version":"2.3.4","forceUpdate":false,"character":"android\u7248\u672c\u66f4\u65b0\u7279\u6027","updateUrl":""}},"errorCode":1014,"unauthorized":false}, 
1477468094,wozaijia,{"status":true,"message":"","data":{"ios":{"version":"2.3.4","forceUpdate":false,"character":"ios\u7248\u672c\u66f4\u65b0\u7279\u6027","updateUrl":""},"Android":{"version":"2.3.4","forceUpdate":false,"character":"android\u7248\u672c\u66f4\u65b0\u7279\u6027","updateUrl":""}},"errorCode":1014,"unauthorized":false}, 
1477468476,wozaijia,{"status":true,"message":"","data":{"ios":{"version":"2.3.4","forceUpdate":false,"character":"ios\u7248\u672c\u66f4\u65b0\u7279\u6027","updateUrl":""},"Android":{"version":"2.3.4","forceUpdate":false,"character":"android\u7248\u672c\u66f4\u65b0\u7279\u6027","updateUrl":""}},"errorCode":1014,"unauthorized":false}, 
1477468870,wozaijia,{"status":true,"message":"","data":{"ios":{"version":"2.3.4","forceUpdate":false,"character":"ios\u7248\u672c\u66f4\u65b0\u7279\u6027","updateUrl":""},"Android":{"version":"2.3.4","forceUpdate":false,"character":"android\u7248\u672c\u66f4\u65b0\u7279\u6027","updateUrl":""}},"errorCode":1014,"unauthorized":false}, 
1477471378,wozaijia,{"status":true,"message":"","data":{"ios":{"version":"2.3.4","forceUpdate":false,"character":"ios\u7248\u672c\u66f4\u65b0\u7279\u6027","updateUrl":""},"Android":{"version":"2.3.4","forceUpdate":false,"character":"android\u7248\u672c\u66f4\u65b0\u7279\u6027","updateUrl":""}},"errorCode":1014,"unauthorized":false}, 
1477471603,wozaijia,{"status":true,"message":"","data":{"ios":{"version":"2.3.4","forceUpdate":false,"character":"ios\u7248\u672c\u66f4\u65b0\u7279\u6027","updateUrl":""},"Android":{"version":"2.3.4","forceUpdate":false,"character":"android\u7248\u672c\u66f4\u65b0\u7279\u6027","updateUrl":""}},"errorCode":1014,"unauthorized":false}, 
1477471626,wozaijia,{"status":true,"message":"","data":{"ios":{"version":"2.3.4","forceUpdate":false,"character":"ios\u7248\u672c\u66f4\u65b0\u7279\u6027","updateUrl":""},"Android":{"version":"2.3.4","forceUpdate":false,"character":"android\u7248\u672c\u66f4\u65b0\u7279\u6027","updateUrl":""}},"errorCode":1014,"unauthorized":false}, 
1477471730,wozaijia,{"status":true,"message":"","data":{"ios":{"version":"2.3.4","forceUpdate":false,"character":"ios\u7248\u672c\u66f4\u65b0\u7279\u6027","updateUrl":""},"Android":{"version":"2.3.4","forceUpdate":false,"character":"android\u7248\u672c\u66f4\u65b0\u7279\u6027","updateUrl":""}},"errorCode":1014,"unauthorized":false}, 
1477472035,wozaijia,{"status":true,"message":"","data":{"ios":{"version":"2.3.4","forceUpdate":false,"character":"ios\u7248\u672c\u66f4\u65b0\u7279\u6027","updateUrl":""},"Android":{"version":"2.3.4","forceUpdate":false,"character":"android\u7248\u672c\u66f4\u65b0\u7279\u6027","updateUrl":""}},"errorCode":1014,"unauthorized":false}, 
1477472063,wozaijia,{"status":true,"message":"","data":{"ios":{"version":"2.3.4","forceUpdate":false,"character":"ios\u7248\u672c\u66f4\u65b0\u7279\u6027","updateUrl":""},"Android":{"version":"2.3.4","forceUpdate":false,"character":"android\u7248\u672c\u66f4\u65b0\u7279\u6027","updateUrl":""}},"errorCode":1014,"unauthorized":false}, 
1477472532,wozaijia,{"status":true,"message":"","data":{"ios":{"version":"2.3.4","forceUpdate":false,"character":"ios\u7248\u672c\u66f4\u65b0\u7279\u6027","updateUrl":""},"Android":{"version":"2.3.4","forceUpdate":false,"character":"android\u7248\u672c\u66f4\u65b0\u7279\u6027","updateUrl":""}},"errorCode":1014,"unauthorized":false}, 
1477472534,wozaijia,{"status":true,"message":"","data":{"ios":{"version":"2.3.4","forceUpdate":false,"character":"ios\u7248\u672c\u66f4\u65b0\u7279\u6027","updateUrl":""},"Android":{"version":"2.3.4","forceUpdate":false,"character":"android\u7248\u672c\u66f4\u65b0\u7279\u6027","updateUrl":""}},"errorCode":1014,"unauthorized":false}, 
1477472606,wozaijia,{"status":true,"message":"","data":{"ios":{"version":"2.3.4","forceUpdate":false,"character":"ios\u7248\u672c\u66f4\u65b0\u7279\u6027","updateUrl":""},"Android":{"version":"2.3.4","forceUpdate":false,"character":"android\u7248\u672c\u66f4\u65b0\u7279\u6027","updateUrl":""}},"errorCode":1014,"unauthorized":false}, 
1477473562,wozaijia,{"status":true,"message":"","data":{"ios":{"version":"2.3.4","forceUpdate":false,"character":"ios\u7248\u672c\u66f4\u65b0\u7279\u6027","updateUrl":""},"Android":{"version":"2.3.4","forceUpdate":false,"character":"android\u7248\u672c\u66f4\u65b0\u7279\u6027","updateUrl":""}},"errorCode":1014,"unauthorized":false}, 
1477473727,wozaijia,{"status":true,"message":"","data":{"ios":{"version":"2.3.4","forceUpdate":false,"character":"ios\u7248\u672c\u66f4\u65b0\u7279\u6027","updateUrl":""},"Android":{"version":"2.3.4","forceUpdate":false,"character":"android\u7248\u672c\u66f4\u65b0\u7279\u6027","updateUrl":""}},"errorCode":1014,"unauthorized":false}, 
1477624269,wozaijia,{"status":true,"message":"","data":{"ios":{"version":"2.3.4","forceUpdate":false,"character":"ios\u7248\u672c\u66f4\u65b0\u7279\u6027","updateUrl":""},"Android":{"version":"2.3.4","forceUpdate":false,"character":"android\u7248\u672c\u66f4\u65b0\u7279\u6027","updateUrl":""}},"errorCode":1014,"unauthorized":false}, 
1477632474,wozaijia,{"status":true,"message":"","data":{"ios":{"version":"2.3.4","forceUpdate":false,"character":"ios\u7248\u672c\u66f4\u65b0\u7279\u6027","updateUrl":""},"Android":{"version":"2.3.4","forceUpdate":false,"character":"android\u7248\u672c\u66f4\u65b0\u7279\u6027","updateUrl":""}},"errorCode":1014,"unauthorized":false}, 
1477645180,wozaijia,{"status":true,"message":"","data":{"ios":{"version":"2.3.4","forceUpdate":false,"character":"ios\u7248\u672c\u66f4\u65b0\u7279\u6027","updateUrl":""},"Android":{"version":"2.3.4","forceUpdate":false,"character":"android\u7248\u672c\u66f4\u65b0\u7279\u6027","updateUrl":""}},"errorCode":1014,"unauthorized":false}, 
1477877981,wozaijia,{"status":true,"message":"","data":{"ios":{"version":"2.3.4","forceUpdate":false,"character":"ios\u7248\u672c\u66f4\u65b0\u7279\u6027","updateUrl":""},"Android":{"version":"2.3.4","forceUpdate":false,"character":"android\u7248\u672c\u66f4\u65b0\u7279\u6027","updateUrl":""}},"errorCode":1014,"unauthorized":false}, 
1477894663,,{"status":false,"message":"id\u4e3a\u7a7a","data":null,"errorCode":1014}, 
1477895553,wozaijia,{"status":true,"message":"","data":{"ios":{"version":"2.3.4","forceUpdate":false,"character":"ios\u7248\u672c\u66f4\u65b0\u7279\u6027","updateUrl":""},"Android":{"version":"2.3.4","forceUpdate":false,"character":"android\u7248\u672c\u66f4\u65b0\u7279\u6027","updateUrl":""}},"errorCode":1014,"unauthorized":false}, 
1477902370,,{"status":false,"message":"id\u4e3a\u7a7a","data":null,"errorCode":1014}, 
1477902751,wozaijia,{"status":true,"message":"","data":{"ios":{"version":"2.3.4","forceUpdate":false,"character":"ios\u7248\u672c\u66f4\u65b0\u7279\u6027","updateUrl":""},"Android":{"version":"2.3.4","forceUpdate":false,"character":"android\u7248\u672c\u66f4\u65b0\u7279\u6027","updateUrl":""}},"errorCode":1014,"unauthorized":false}, 
1477903968,wozaijia,{"status":true,"message":"","data":{"ios":{"version":"2.3.4","forceUpdate":false,"character":"ios\u7248\u672c\u66f4\u65b0\u7279\u6027","updateUrl":""},"Android":{"version":"2.3.4","forceUpdate":false,"character":"android\u7248\u672c\u66f4\u65b0\u7279\u6027","updateUrl":""}},"errorCode":1014,"unauthorized":false}, 
1477903996,wozaijia,{"status":true,"message":"","data":{"ios":{"version":"2.3.4","forceUpdate":false,"character":"ios\u7248\u672c\u66f4\u65b0\u7279\u6027","updateUrl":""},"Android":{"version":"2.3.4","forceUpdate":false,"character":"android\u7248\u672c\u66f4\u65b0\u7279\u6027","updateUrl":""}},"errorCode":1014,"unauthorized":false}, 
1477904213,wozaijia,{"status":true,"message":"","data":{"ios":{"version":"2.3.4","forceUpdate":false,"character":"ios\u7248\u672c\u66f4\u65b0\u7279\u6027","updateUrl":""},"Android":{"version":"2.3.4","forceUpdate":false,"character":"android\u7248\u672c\u66f4\u65b0\u7279\u6027","updateUrl":""}},"errorCode":1014,"unauthorized":false}, 
1477904226,wozaijia,{"status":true,"message":"","data":{"ios":{"version":"2.3.4","forceUpdate":false,"character":"ios\u7248\u672c\u66f4\u65b0\u7279\u6027","updateUrl":""},"Android":{"version":"2.3.4","forceUpdate":false,"character":"android\u7248\u672c\u66f4\u65b0\u7279\u6027","updateUrl":""}},"errorCode":1014,"unauthorized":false}, 
1477904675,wozaijia,{"status":true,"message":"","data":{"ios":{"version":"2.3.4","forceUpdate":false,"character":"ios\u7248\u672c\u66f4\u65b0\u7279\u6027","updateUrl":""},"Android":{"version":"2.3.4","forceUpdate":false,"character":"android\u7248\u672c\u66f4\u65b0\u7279\u6027","updateUrl":""}},"errorCode":1014,"unauthorized":false}, 
1477904788,wozaijia,{"status":true,"message":"","data":{"ios":{"version":"2.3.4","forceUpdate":false,"character":"ios\u7248\u672c\u66f4\u65b0\u7279\u6027","updateUrl":""},"Android":{"version":"2.3.4","forceUpdate":false,"character":"android\u7248\u672c\u66f4\u65b0\u7279\u6027","updateUrl":""}},"errorCode":1014,"unauthorized":false}, 
1477905359,wozaijia,{"status":true,"message":"","data":{"ios":{"version":"2.3.4","forceUpdate":false,"character":"ios\u7248\u672c\u66f4\u65b0\u7279\u6027","updateUrl":""},"Android":{"version":"2.3.4","forceUpdate":false,"character":"android\u7248\u672c\u66f4\u65b0\u7279\u6027","updateUrl":""}},"errorCode":1014,"unauthorized":false}, 
1477905370,wozaijia,{"status":true,"message":"","data":{"ios":{"version":"2.3.4","forceUpdate":false,"character":"ios\u7248\u672c\u66f4\u65b0\u7279\u6027","updateUrl":""},"Android":{"version":"2.3.4","forceUpdate":false,"character":"android\u7248\u672c\u66f4\u65b0\u7279\u6027","updateUrl":""}},"errorCode":1014,"unauthorized":false}, 
1477906838,wozaijia,{"status":true,"message":"","data":{"ios":{"version":"2.3.4","forceUpdate":false,"character":"ios\u7248\u672c\u66f4\u65b0\u7279\u6027","updateUrl":""},"Android":{"version":"2.3.4","forceUpdate":false,"character":"android\u7248\u672c\u66f4\u65b0\u7279\u6027","updateUrl":""}},"errorCode":1014,"unauthorized":false}, 
1477906875,wozaijia,{"status":true,"message":"","data":{"ios":{"version":"2.3.4","forceUpdate":false,"character":"ios\u7248\u672c\u66f4\u65b0\u7279\u6027","updateUrl":""},"Android":{"version":"2.3.4","forceUpdate":false,"character":"android\u7248\u672c\u66f4\u65b0\u7279\u6027","updateUrl":""}},"errorCode":1014,"unauthorized":false}, 
1477906936,wozaijia,{"status":true,"message":"","data":{"ios":{"version":"2.3.4","forceUpdate":false,"character":"ios\u7248\u672c\u66f4\u65b0\u7279\u6027","updateUrl":""},"Android":{"version":"2.3.4","forceUpdate":false,"character":"android\u7248\u672c\u66f4\u65b0\u7279\u6027","updateUrl":""}},"errorCode":1014,"unauthorized":false}, 
1477906963,wozaijia,{"status":true,"message":"","data":{"ios":{"version":"2.3.4","forceUpdate":false,"character":"ios\u7248\u672c\u66f4\u65b0\u7279\u6027","updateUrl":""},"Android":{"version":"2.3.4","forceUpdate":false,"character":"android\u7248\u672c\u66f4\u65b0\u7279\u6027","updateUrl":""}},"errorCode":1014,"unauthorized":false}, 
1477907049,wozaijia,{"status":true,"message":"","data":{"ios":{"version":"2.3.4","forceUpdate":false,"character":"ios\u7248\u672c\u66f4\u65b0\u7279\u6027","updateUrl":""},"Android":{"version":"2.3.4","forceUpdate":false,"character":"android\u7248\u672c\u66f4\u65b0\u7279\u6027","updateUrl":""}},"errorCode":1014,"unauthorized":false}, 
1477907114,wozaijia,{"status":true,"message":"","data":{"ios":{"version":"2.3.4","forceUpdate":false,"character":"ios\u7248\u672c\u66f4\u65b0\u7279\u6027","updateUrl":""},"Android":{"version":"2.3.4","forceUpdate":false,"character":"android\u7248\u672c\u66f4\u65b0\u7279\u6027","updateUrl":""}},"errorCode":1014,"unauthorized":false}, 
1477907243,wozaijia,{"status":true,"message":"","data":{"ios":{"version":"2.3.4","forceUpdate":false,"character":"ios\u7248\u672c\u66f4\u65b0\u7279\u6027","updateUrl":""},"Android":{"version":"2.3.4","forceUpdate":false,"character":"android\u7248\u672c\u66f4\u65b0\u7279\u6027","updateUrl":""}},"errorCode":1014,"unauthorized":false}, 
1477964762,wozaijia,{"status":true,"message":"","data":{"ios":{"version":"2.3.4","forceUpdate":false,"character":"ios\u7248\u672c\u66f4\u65b0\u7279\u6027","updateUrl":""},"Android":{"version":"2.3.4","forceUpdate":false,"character":"android\u7248\u672c\u66f4\u65b0\u7279\u6027","updateUrl":""}},"errorCode":1014,"unauthorized":false}, 
1477964787,wozaijia,{"status":true,"message":"","data":{"ios":{"version":"2.3.4","forceUpdate":false,"character":"ios\u7248\u672c\u66f4\u65b0\u7279\u6027","updateUrl":""},"Android":{"version":"2.3.4","forceUpdate":false,"character":"android\u7248\u672c\u66f4\u65b0\u7279\u6027","updateUrl":""}},"errorCode":1014,"unauthorized":false}, 
1477967405,wozaijia,{"status":true,"message":"","data":{"ios":{"version":"2.3.4","forceUpdate":false,"character":"ios\u7248\u672c\u66f4\u65b0\u7279\u6027","updateUrl":""},"Android":{"version":"2.3.4","forceUpdate":false,"character":"android\u7248\u672c\u66f4\u65b0\u7279\u6027","updateUrl":""}},"errorCode":1014,"unauthorized":false}, 
1477967436,wozaijia,{"status":true,"message":"","data":{"ios":{"version":"2.3.4","forceUpdate":false,"character":"ios\u7248\u672c\u66f4\u65b0\u7279\u6027","updateUrl":""},"Android":{"version":"2.3.4","forceUpdate":false,"character":"android\u7248\u672c\u66f4\u65b0\u7279\u6027","updateUrl":""}},"errorCode":1014,"unauthorized":false}, 
1477979755,wozaijia,{"status":true,"message":"","data":{"ios":{"version":"2.3.4","forceUpdate":false,"character":"ios\u7248\u672c\u66f4\u65b0\u7279\u6027","updateUrl":""},"Android":{"version":"2.3.4","forceUpdate":false,"character":"android\u7248\u672c\u66f4\u65b0\u7279\u6027","updateUrl":""}},"errorCode":1014,"unauthorized":false}, 
1477982996,wozaijia,{"status":true,"message":"","data":{"ios":{"version":"2.3.4","forceUpdate":false,"character":"ios\u7248\u672c\u66f4\u65b0\u7279\u6027","updateUrl":""},"Android":{"version":"2.3.4","forceUpdate":false,"character":"android\u7248\u672c\u66f4\u65b0\u7279\u6027","updateUrl":""}},"errorCode":1014,"unauthorized":false}, 
1477985434,wozaijia,{"status":true,"message":"","data":{"ios":{"version":"2.3.4","forceUpdate":false,"character":"ios\u7248\u672c\u66f4\u65b0\u7279\u6027","updateUrl":""},"Android":{"version":"2.3.4","forceUpdate":false,"character":"android\u7248\u672c\u66f4\u65b0\u7279\u6027","updateUrl":""}},"errorCode":1014,"unauthorized":false}, 
1477985631,wozaijia,{"status":true,"message":"","data":{"ios":{"version":"2.3.4","forceUpdate":false,"character":"ios\u7248\u672c\u66f4\u65b0\u7279\u6027","updateUrl":""},"Android":{"version":"2.3.4","forceUpdate":false,"character":"android\u7248\u672c\u66f4\u65b0\u7279\u6027","updateUrl":""}},"errorCode":1014,"unauthorized":false}, 
1477985674,wozaijia,{"status":true,"message":"","data":{"ios":{"version":"2.3.4","forceUpdate":false,"character":"ios\u7248\u672c\u66f4\u65b0\u7279\u6027","updateUrl":""},"Android":{"version":"2.3.4","forceUpdate":false,"character":"android\u7248\u672c\u66f4\u65b0\u7279\u6027","updateUrl":""}},"errorCode":1014,"unauthorized":false}, 
1478048095,wozaijia,{"status":true,"message":"","data":{"ios":{"version":"2.3.4","forceUpdate":false,"character":"ios\u7248\u672c\u66f4\u65b0\u7279\u6027","updateUrl":""},"Android":{"version":"2.3.4","forceUpdate":false,"character":"android\u7248\u672c\u66f4\u65b0\u7279\u6027","updateUrl":""}},"errorCode":1014,"unauthorized":false}, 
1478080628,wozaijia,{"status":true,"message":"","data":{"ios":{"version":"2.3.4","forceUpdate":false,"character":"ios\u7248\u672c\u66f4\u65b0\u7279\u6027","updateUrl":""},"Android":{"version":"2.3.4","forceUpdate":false,"character":"android\u7248\u672c\u66f4\u65b0\u7279\u6027","updateUrl":""}},"errorCode":1014,"unauthorized":false}, 
1478081812,wozaijia,{"status":true,"message":"","data":{"ios":{"version":"2.3.4","forceUpdate":false,"character":"ios\u7248\u672c\u66f4\u65b0\u7279\u6027","updateUrl":""},"Android":{"version":"2.3.4","forceUpdate":false,"character":"android\u7248\u672c\u66f4\u65b0\u7279\u6027","updateUrl":""}},"errorCode":1014,"unauthorized":false}, 
1478081865,wozaijia,{"status":true,"message":"","data":{"ios":{"version":"2.3.4","forceUpdate":false,"character":"ios\u7248\u672c\u66f4\u65b0\u7279\u6027","updateUrl":""},"Android":{"version":"2.3.4","forceUpdate":false,"character":"android\u7248\u672c\u66f4\u65b0\u7279\u6027","updateUrl":""}},"errorCode":1014,"unauthorized":false}, 
1478081954,wozaijia,{"status":true,"message":"","data":{"ios":{"version":"2.3.4","forceUpdate":false,"character":"ios\u7248\u672c\u66f4\u65b0\u7279\u6027","updateUrl":""},"Android":{"version":"2.3.4","forceUpdate":false,"character":"android\u7248\u672c\u66f4\u65b0\u7279\u6027","updateUrl":""}},"errorCode":1014,"unauthorized":false}, 
1478083667,wozaijia,{"status":true,"message":"","data":{"ios":{"version":"2.3.4","forceUpdate":false,"character":"ios\u7248\u672c\u66f4\u65b0\u7279\u6027","updateUrl":""},"Android":{"version":"2.3.4","forceUpdate":false,"character":"android\u7248\u672c\u66f4\u65b0\u7279\u6027","updateUrl":""}},"errorCode":1014,"unauthorized":false}, 
1478225404,wozaijia,{"status":true,"message":"","data":{"ios":{"version":"2.3.4","forceUpdate":false,"character":"ios\u7248\u672c\u66f4\u65b0\u7279\u6027","updateUrl":""},"Android":{"version":"2.3.4","forceUpdate":false,"character":"android\u7248\u672c\u66f4\u65b0\u7279\u6027","updateUrl":""}},"errorCode":1014,"unauthorized":false}, 
1478227818,wozaijia,{"status":true,"message":"","data":{"ios":{"version":"2.3.4","forceUpdate":false,"character":"ios\u7248\u672c\u66f4\u65b0\u7279\u6027","updateUrl":""},"Android":{"version":"2.3.4","forceUpdate":false,"character":"android\u7248\u672c\u66f4\u65b0\u7279\u6027","updateUrl":""}},"errorCode":1014,"unauthorized":false}, 
1478227927,wozaijia,{"status":true,"message":"","data":{"ios":{"version":"2.3.4","forceUpdate":false,"character":"ios\u7248\u672c\u66f4\u65b0\u7279\u6027","updateUrl":""},"Android":{"version":"2.3.4","forceUpdate":false,"character":"android\u7248\u672c\u66f4\u65b0\u7279\u6027","updateUrl":""}},"errorCode":1014,"unauthorized":false}, 
1478229163,wozaijia,{"status":true,"message":"","data":{"ios":{"version":"2.3.4","forceUpdate":false,"character":"ios\u7248\u672c\u66f4\u65b0\u7279\u6027","updateUrl":""},"Android":{"version":"2.3.4","forceUpdate":false,"character":"android\u7248\u672c\u66f4\u65b0\u7279\u6027","updateUrl":""}},"errorCode":1014,"unauthorized":false}, 
1478230969,wozaijia,{"status":true,"message":"","data":{"ios":{"version":"2.3.4","forceUpdate":false,"character":"ios\u7248\u672c\u66f4\u65b0\u7279\u6027","updateUrl":""},"Android":{"version":"2.3.4","forceUpdate":false,"character":"android\u7248\u672c\u66f4\u65b0\u7279\u6027","updateUrl":""}},"errorCode":1014,"unauthorized":false}, 
1478230980,wozaijia,{"status":true,"message":"","data":{"ios":{"version":"2.3.4","forceUpdate":false,"character":"ios\u7248\u672c\u66f4\u65b0\u7279\u6027","updateUrl":""},"Android":{"version":"2.3.4","forceUpdate":false,"character":"android\u7248\u672c\u66f4\u65b0\u7279\u6027","updateUrl":""}},"errorCode":1014,"unauthorized":false}, 
1478231091,wozaijia,{"status":true,"message":"","data":{"ios":{"version":"2.3.4","forceUpdate":false,"character":"ios\u7248\u672c\u66f4\u65b0\u7279\u6027","updateUrl":""},"Android":{"version":"2.3.4","forceUpdate":false,"character":"android\u7248\u672c\u66f4\u65b0\u7279\u6027","updateUrl":""}},"errorCode":1014,"unauthorized":false}, 
1478231100,wozaijia,{"status":true,"message":"","data":{"ios":{"version":"2.3.4","forceUpdate":false,"character":"ios\u7248\u672c\u66f4\u65b0\u7279\u6027","updateUrl":""},"Android":{"version":"2.3.4","forceUpdate":false,"character":"android\u7248\u672c\u66f4\u65b0\u7279\u6027","updateUrl":""}},"errorCode":1014,"unauthorized":false}, 
1478231464,wozaijia,{"status":true,"message":"","data":{"ios":{"version":"2.3.4","forceUpdate":false,"character":"ios\u7248\u672c\u66f4\u65b0\u7279\u6027","updateUrl":""},"Android":{"version":"2.3.4","forceUpdate":false,"character":"android\u7248\u672c\u66f4\u65b0\u7279\u6027","updateUrl":""}},"errorCode":1014,"unauthorized":false}, 
1478231511,wozaijia,{"status":true,"message":"","data":{"ios":{"version":"2.3.4","forceUpdate":false,"character":"ios\u7248\u672c\u66f4\u65b0\u7279\u6027","updateUrl":""},"Android":{"version":"2.3.4","forceUpdate":false,"character":"android\u7248\u672c\u66f4\u65b0\u7279\u6027","updateUrl":""}},"errorCode":1014,"unauthorized":false}, 
1478231535,wozaijia,{"status":true,"message":"","data":{"ios":{"version":"2.3.4","forceUpdate":false,"character":"ios\u7248\u672c\u66f4\u65b0\u7279\u6027","updateUrl":""},"Android":{"version":"2.3.4","forceUpdate":false,"character":"android\u7248\u672c\u66f4\u65b0\u7279\u6027","updateUrl":""}},"errorCode":1014,"unauthorized":false}, 
1478231544,wozaijia,{"status":true,"message":"","data":{"ios":{"version":"2.3.4","forceUpdate":false,"character":"ios\u7248\u672c\u66f4\u65b0\u7279\u6027","updateUrl":""},"Android":{"version":"2.3.4","forceUpdate":false,"character":"android\u7248\u672c\u66f4\u65b0\u7279\u6027","updateUrl":""}},"errorCode":1014,"unauthorized":false}, 
1478231606,wozaijia,{"status":true,"message":"","data":{"ios":{"version":"2.3.4","forceUpdate":false,"character":"ios\u7248\u672c\u66f4\u65b0\u7279\u6027","updateUrl":""},"Android":{"version":"2.3.4","forceUpdate":false,"character":"android\u7248\u672c\u66f4\u65b0\u7279\u6027","updateUrl":""}},"errorCode":1014,"unauthorized":false}, 
1478231654,wozaijia,{"status":true,"message":"","data":{"ios":{"version":"2.3.4","forceUpdate":false,"character":"ios\u7248\u672c\u66f4\u65b0\u7279\u6027","updateUrl":""},"Android":{"version":"2.3.4","forceUpdate":false,"character":"android\u7248\u672c\u66f4\u65b0\u7279\u6027","updateUrl":""}},"errorCode":1014,"unauthorized":false}, 
1478231870,wozaijia,{"status":true,"message":"","data":{"ios":{"version":"2.3.4","forceUpdate":false,"character":"ios\u7248\u672c\u66f4\u65b0\u7279\u6027","updateUrl":""},"Android":{"version":"2.3.4","forceUpdate":false,"character":"android\u7248\u672c\u66f4\u65b0\u7279\u6027","updateUrl":""}},"errorCode":1014,"unauthorized":false}, 
1478237374,wozaijia,{"status":true,"message":"","data":{"ios":{"version":"2.3.4","forceUpdate":false,"character":"ios\u7248\u672c\u66f4\u65b0\u7279\u6027","updateUrl":""},"Android":{"version":"2.3.4","forceUpdate":false,"character":"android\u7248\u672c\u66f4\u65b0\u7279\u6027","updateUrl":""}},"errorCode":1014,"unauthorized":false}, 
1478237684,wozaijia,{"status":true,"message":"","data":{"ios":{"version":"2.3.4","forceUpdate":false,"character":"ios\u7248\u672c\u66f4\u65b0\u7279\u6027","updateUrl":""},"Android":{"version":"2.3.4","forceUpdate":false,"character":"android\u7248\u672c\u66f4\u65b0\u7279\u6027","updateUrl":""}},"errorCode":1014,"unauthorized":false}, 
1478237947,wozaijia,{"status":true,"message":"","data":{"ios":{"version":"2.3.4","forceUpdate":false,"character":"ios\u7248\u672c\u66f4\u65b0\u7279\u6027","updateUrl":""},"Android":{"version":"2.3.4","forceUpdate":false,"character":"android\u7248\u672c\u66f4\u65b0\u7279\u6027","updateUrl":""}},"errorCode":1014,"unauthorized":false}, 
1478238057,wozaijia,{"status":true,"message":"","data":{"ios":{"version":"2.3.4","forceUpdate":false,"character":"ios\u7248\u672c\u66f4\u65b0\u7279\u6027","updateUrl":""},"Android":{"version":"2.3.4","forceUpdate":false,"character":"android\u7248\u672c\u66f4\u65b0\u7279\u6027","updateUrl":""}},"errorCode":1014,"unauthorized":false}, 
1478238098,wozaijia,{"status":true,"message":"","data":{"ios":{"version":"2.3.4","forceUpdate":false,"character":"ios\u7248\u672c\u66f4\u65b0\u7279\u6027","updateUrl":""},"Android":{"version":"2.3.4","forceUpdate":false,"character":"android\u7248\u672c\u66f4\u65b0\u7279\u6027","updateUrl":""}},"errorCode":1014,"unauthorized":false}, 
1478238526,wozaijia,{"status":true,"message":"","data":{"ios":{"version":"2.3.4","forceUpdate":false,"character":"ios\u7248\u672c\u66f4\u65b0\u7279\u6027","updateUrl":""},"Android":{"version":"2.3.4","forceUpdate":false,"character":"android\u7248\u672c\u66f4\u65b0\u7279\u6027","updateUrl":""}},"errorCode":1014,"unauthorized":false}, 
1478238535,wozaijia,{"status":true,"message":"","data":{"ios":{"version":"2.3.4","forceUpdate":false,"character":"ios\u7248\u672c\u66f4\u65b0\u7279\u6027","updateUrl":""},"Android":{"version":"2.3.4","forceUpdate":false,"character":"android\u7248\u672c\u66f4\u65b0\u7279\u6027","updateUrl":""}},"errorCode":1014,"unauthorized":false}, 
1478238555,wozaijia,{"status":true,"message":"","data":{"ios":{"version":"2.3.4","forceUpdate":false,"character":"ios\u7248\u672c\u66f4\u65b0\u7279\u6027","updateUrl":""},"Android":{"version":"2.3.4","forceUpdate":false,"character":"android\u7248\u672c\u66f4\u65b0\u7279\u6027","updateUrl":""}},"errorCode":1014,"unauthorized":false}, 
1478238727,wozaijia,{"status":true,"message":"","data":{"ios":{"version":"2.3.4","forceUpdate":false,"character":"ios\u7248\u672c\u66f4\u65b0\u7279\u6027","updateUrl":""},"Android":{"version":"2.3.4","forceUpdate":false,"character":"android\u7248\u672c\u66f4\u65b0\u7279\u6027","updateUrl":""}},"errorCode":1014,"unauthorized":false}, 
1478238744,wozaijia,{"status":true,"message":"","data":{"ios":{"version":"2.3.4","forceUpdate":false,"character":"ios\u7248\u672c\u66f4\u65b0\u7279\u6027","updateUrl":""},"Android":{"version":"2.3.4","forceUpdate":false,"character":"android\u7248\u672c\u66f4\u65b0\u7279\u6027","updateUrl":""}},"errorCode":1014,"unauthorized":false}, 
1478238754,wozaijia,{"status":true,"message":"","data":{"ios":{"version":"2.3.4","forceUpdate":false,"character":"ios\u7248\u672c\u66f4\u65b0\u7279\u6027","updateUrl":""},"Android":{"version":"2.3.4","forceUpdate":false,"character":"android\u7248\u672c\u66f4\u65b0\u7279\u6027","updateUrl":""}},"errorCode":1014,"unauthorized":false}, 
1478238764,wozaijia,{"status":true,"message":"","data":{"ios":{"version":"2.3.4","forceUpdate":false,"character":"ios\u7248\u672c\u66f4\u65b0\u7279\u6027","updateUrl":""},"Android":{"version":"2.3.4","forceUpdate":false,"character":"android\u7248\u672c\u66f4\u65b0\u7279\u6027","updateUrl":""}},"errorCode":1014,"unauthorized":false}, 
1478238907,wozaijia,{"status":true,"message":"","data":{"ios":{"version":"2.3.4","forceUpdate":false,"character":"ios\u7248\u672c\u66f4\u65b0\u7279\u6027","updateUrl":""},"Android":{"version":"2.3.4","forceUpdate":false,"character":"android\u7248\u672c\u66f4\u65b0\u7279\u6027","updateUrl":""}},"errorCode":1014,"unauthorized":false}, 
1478238932,wozaijia,{"status":true,"message":"","data":{"ios":{"version":"2.3.4","forceUpdate":false,"character":"ios\u7248\u672c\u66f4\u65b0\u7279\u6027","updateUrl":""},"Android":{"version":"2.3.4","forceUpdate":false,"character":"android\u7248\u672c\u66f4\u65b0\u7279\u6027","updateUrl":""}},"errorCode":1014,"unauthorized":false}, 
1478242377,wozaijia,{"status":true,"message":"","data":{"ios":{"version":"2.3.4","forceUpdate":false,"character":"ios\u7248\u672c\u66f4\u65b0\u7279\u6027","updateUrl":""},"Android":{"version":"2.3.4","forceUpdate":false,"character":"android\u7248\u672c\u66f4\u65b0\u7279\u6027","updateUrl":""}},"errorCode":1014,"unauthorized":false}, 
1478242511,wozaijia,{"status":true,"message":"","data":{"ios":{"version":"2.3.4","forceUpdate":false,"character":"ios\u7248\u672c\u66f4\u65b0\u7279\u6027","updateUrl":""},"Android":{"version":"2.3.4","forceUpdate":false,"character":"android\u7248\u672c\u66f4\u65b0\u7279\u6027","updateUrl":""}},"errorCode":1014,"unauthorized":false}, 
1478242705,wozaijia,{"status":true,"message":"","data":{"ios":{"version":"2.3.4","forceUpdate":false,"character":"ios\u7248\u672c\u66f4\u65b0\u7279\u6027","updateUrl":""},"Android":{"version":"2.3.4","forceUpdate":false,"character":"android\u7248\u672c\u66f4\u65b0\u7279\u6027","updateUrl":""}},"errorCode":1014,"unauthorized":false}, 
1478242859,wozaijia,{"status":true,"message":"","data":{"ios":{"version":"2.3.4","forceUpdate":false,"character":"ios\u7248\u672c\u66f4\u65b0\u7279\u6027","updateUrl":""},"Android":{"version":"2.3.4","forceUpdate":false,"character":"android\u7248\u672c\u66f4\u65b0\u7279\u6027","updateUrl":""}},"errorCode":1014,"unauthorized":false}, 
1478243078,wozaijia,{"status":true,"message":"","data":{"ios":{"version":"2.3.4","forceUpdate":false,"character":"ios\u7248\u672c\u66f4\u65b0\u7279\u6027","updateUrl":""},"Android":{"version":"2.3.4","forceUpdate":false,"character":"android\u7248\u672c\u66f4\u65b0\u7279\u6027","updateUrl":""}},"errorCode":1014,"unauthorized":false}, 
1478243089,wozaijia,{"status":true,"message":"","data":{"ios":{"version":"2.3.4","forceUpdate":false,"character":"ios\u7248\u672c\u66f4\u65b0\u7279\u6027","updateUrl":""},"Android":{"version":"2.3.4","forceUpdate":false,"character":"android\u7248\u672c\u66f4\u65b0\u7279\u6027","updateUrl":""}},"errorCode":1014,"unauthorized":false}, 
1478243099,wozaijia,{"status":true,"message":"","data":{"ios":{"version":"2.3.4","forceUpdate":false,"character":"ios\u7248\u672c\u66f4\u65b0\u7279\u6027","updateUrl":""},"Android":{"version":"2.3.4","forceUpdate":false,"character":"android\u7248\u672c\u66f4\u65b0\u7279\u6027","updateUrl":""}},"errorCode":1014,"unauthorized":false}, 
1478243703,wozaijia,{"status":true,"message":"","data":{"ios":{"version":"2.3.4","forceUpdate":false,"character":"ios\u7248\u672c\u66f4\u65b0\u7279\u6027","updateUrl":""},"Android":{"version":"2.3.4","forceUpdate":false,"character":"android\u7248\u672c\u66f4\u65b0\u7279\u6027","updateUrl":""}},"errorCode":1014,"unauthorized":false}, 
1478245802,wozaijia,{"status":true,"message":"","data":{"ios":{"version":"2.3.4","forceUpdate":false,"character":"ios\u7248\u672c\u66f4\u65b0\u7279\u6027","updateUrl":""},"Android":{"version":"2.3.4","forceUpdate":false,"character":"android\u7248\u672c\u66f4\u65b0\u7279\u6027","updateUrl":""}},"errorCode":1014,"unauthorized":false}, 
1478395088,wozaijia,{"status":true,"message":"","data":{"ios":{"version":"2.3.4","forceUpdate":false,"character":"ios\u7248\u672c\u66f4\u65b0\u7279\u6027","updateUrl":""},"Android":{"version":"2.3.4","forceUpdate":false,"character":"android\u7248\u672c\u66f4\u65b0\u7279\u6027","updateUrl":""}},"errorCode":1014,"unauthorized":false}, 
1478509474,wozaijia,{"status":true,"message":"","data":{"ios":{"version":"2.3.4","forceUpdate":false,"character":"ios\u7248\u672c\u66f4\u65b0\u7279\u6027","updateUrl":""},"Android":{"version":"2.3.4","forceUpdate":false,"character":"android\u7248\u672c\u66f4\u65b0\u7279\u6027","updateUrl":""}},"errorCode":1014,"unauthorized":false}, 
1478571706,wozaijia,{"status":true,"message":"","data":{"ios":{"version":"2.3.4","forceUpdate":false,"character":"ios\u7248\u672c\u66f4\u65b0\u7279\u6027","updateUrl":""},"Android":{"version":"2.3.4","forceUpdate":false,"character":"android\u7248\u672c\u66f4\u65b0\u7279\u6027","updateUrl":""}},"errorCode":1014,"unauthorized":false}, 
1478575300,wozaijia,{"status":true,"message":"","data":{"ios":{"version":"2.3.4","forceUpdate":false,"character":"ios\u7248\u672c\u66f4\u65b0\u7279\u6027","updateUrl":""},"Android":{"version":"2.3.4","forceUpdate":false,"character":"android\u7248\u672c\u66f4\u65b0\u7279\u6027","updateUrl":""}},"errorCode":1014,"unauthorized":false}, 
1478594165,wozaijia,{"status":true,"message":"","data":{"ios":{"version":"2.3.4","forceUpdate":false,"character":"ios\u7248\u672c\u66f4\u65b0\u7279\u6027","updateUrl":""},"Android":{"version":"2.3.4","forceUpdate":false,"character":"android\u7248\u672c\u66f4\u65b0\u7279\u6027","updateUrl":""}},"errorCode":1014,"unauthorized":false}, 
1478674174,wozaijia,{"status":true,"message":"","data":{"ios":{"version":"2.3.4","forceUpdate":false,"character":"ios\u7248\u672c\u66f4\u65b0\u7279\u6027","updateUrl":""},"Android":{"version":"2.3.4","forceUpdate":false,"character":"android\u7248\u672c\u66f4\u65b0\u7279\u6027","updateUrl":""}},"errorCode":1014,"unauthorized":false}, 
1478676597,wozaijia,{"status":true,"message":"","data":{"ios":{"version":"2.3.4","forceUpdate":false,"character":"ios\u7248\u672c\u66f4\u65b0\u7279\u6027","updateUrl":""},"Android":{"version":"2.3.4","forceUpdate":false,"character":"android\u7248\u672c\u66f4\u65b0\u7279\u6027","updateUrl":""}},"errorCode":1014,"unauthorized":false}, 
1478759004,wozaijia,{"status":true,"message":"","data":{"ios":{"version":"2.3.4","forceUpdate":false,"character":"ios\u7248\u672c\u66f4\u65b0\u7279\u6027","updateUrl":""},"Android":{"version":"2.3.4","forceUpdate":false,"character":"android\u7248\u672c\u66f4\u65b0\u7279\u6027","updateUrl":""}},"errorCode":1014,"unauthorized":false}, 
1478759055,wozaijia,{"status":true,"message":"","data":{"ios":{"version":"2.3.4","forceUpdate":false,"character":"ios\u7248\u672c\u66f4\u65b0\u7279\u6027","updateUrl":""},"Android":{"version":"2.3.4","forceUpdate":false,"character":"android\u7248\u672c\u66f4\u65b0\u7279\u6027","updateUrl":""}},"errorCode":1014,"unauthorized":false}, 
1478770465,wozaijia,{"status":true,"message":"","data":{"ios":{"version":"2.3.4","forceUpdate":false,"character":"ios\u7248\u672c\u66f4\u65b0\u7279\u6027","updateUrl":""},"Android":{"version":"2.3.4","forceUpdate":false,"character":"android\u7248\u672c\u66f4\u65b0\u7279\u6027","updateUrl":""}},"errorCode":1014,"unauthorized":false}, 
1478770495,wozaijia,{"status":true,"message":"","data":{"ios":{"version":"2.3.4","forceUpdate":false,"character":"ios\u7248\u672c\u66f4\u65b0\u7279\u6027","updateUrl":""},"Android":{"version":"2.3.4","forceUpdate":false,"character":"android\u7248\u672c\u66f4\u65b0\u7279\u6027","updateUrl":""}},"errorCode":1014,"unauthorized":false}, 
1478770869,wozaijia,{"status":true,"message":"","data":{"ios":{"version":"2.3.4","forceUpdate":false,"character":"ios\u7248\u672c\u66f4\u65b0\u7279\u6027","updateUrl":""},"Android":{"version":"2.3.4","forceUpdate":false,"character":"android\u7248\u672c\u66f4\u65b0\u7279\u6027","updateUrl":""}},"errorCode":1014,"unauthorized":false}, 
1478799462,wozaijia,{"status":true,"message":"","data":{"ios":{"version":"2.3.4","forceUpdate":false,"character":"ios\u7248\u672c\u66f4\u65b0\u7279\u6027","updateUrl":""},"Android":{"version":"2.3.4","forceUpdate":false,"character":"android\u7248\u672c\u66f4\u65b0\u7279\u6027","updateUrl":""}},"errorCode":1014,"unauthorized":false}, 
1478845856,wozaijia,{"status":true,"message":"","data":{"ios":{"version":"2.3.4","forceUpdate":false,"character":"ios\u7248\u672c\u66f4\u65b0\u7279\u6027","updateUrl":""},"Android":{"version":"2.3.4","forceUpdate":false,"character":"android\u7248\u672c\u66f4\u65b0\u7279\u6027","updateUrl":""}},"errorCode":1014,"unauthorized":false}, 
1478846854,wozaijia,{"status":true,"message":"","data":{"ios":{"version":"2.3.4","forceUpdate":false,"character":"ios\u7248\u672c\u66f4\u65b0\u7279\u6027","updateUrl":""},"Android":{"version":"2.3.4","forceUpdate":false,"character":"android\u7248\u672c\u66f4\u65b0\u7279\u6027","updateUrl":""}},"errorCode":1014,"unauthorized":false}, 
1479031105,wozaijia,{"status":true,"message":"","data":{"ios":{"version":"2.3.4","forceUpdate":false,"character":"ios\u7248\u672c\u66f4\u65b0\u7279\u6027","updateUrl":""},"Android":{"version":"2.3.4","forceUpdate":false,"character":"android\u7248\u672c\u66f4\u65b0\u7279\u6027","updateUrl":""}},"errorCode":1014,"unauthorized":false}, 
1479116155,wozaijia,{"status":true,"message":"","data":{"ios":{"version":"2.3.4","forceUpdate":false,"character":"ios\u7248\u672c\u66f4\u65b0\u7279\u6027","updateUrl":""},"Android":{"version":"2.3.4","forceUpdate":false,"character":"android\u7248\u672c\u66f4\u65b0\u7279\u6027","updateUrl":""}},"errorCode":1014,"unauthorized":false}, 
1479181457,wozaijia,{"status":true,"message":"","data":{"ios":{"version":"2.3.4","forceUpdate":false,"character":"ios\u7248\u672c\u66f4\u65b0\u7279\u6027","updateUrl":""},"Android":{"version":"2.3.4","forceUpdate":false,"character":"android\u7248\u672c\u66f4\u65b0\u7279\u6027","updateUrl":""}},"errorCode":1014,"unauthorized":false}, 
1479193638,wozaijia,{"status":true,"message":"","data":{"ios":{"version":"2.3.4","forceUpdate":false,"character":"ios\u7248\u672c\u66f4\u65b0\u7279\u6027","updateUrl":""},"Android":{"version":"2.3.4","forceUpdate":false,"character":"android\u7248\u672c\u66f4\u65b0\u7279\u6027","updateUrl":""}},"errorCode":1014,"unauthorized":false}, 
1479193942,wozaijia,{"status":true,"message":"","data":{"ios":{"version":"2.3.4","forceUpdate":false,"character":"ios\u7248\u672c\u66f4\u65b0\u7279\u6027","updateUrl":""},"Android":{"version":"2.3.4","forceUpdate":false,"character":"android\u7248\u672c\u66f4\u65b0\u7279\u6027","updateUrl":""}},"errorCode":1014,"unauthorized":false}, 
1479291485,wozaijia,{"status":true,"message":"","data":{"ios":{"version":"2.3.4","forceUpdate":false,"character":"ios\u7248\u672c\u66f4\u65b0\u7279\u6027","updateUrl":""},"Android":{"version":"2.3.4","forceUpdate":false,"character":"android\u7248\u672c\u66f4\u65b0\u7279\u6027","updateUrl":""}},"errorCode":1014,"unauthorized":false}, 
1480065098,wzjb,{"status":false,"message":"id\u4e0d\u6b63\u786e","data":null,"errorCode":1014}, 
1480065128,wzjb,{"status":false,"message":"id\u4e0d\u6b63\u786e","data":null,"errorCode":1014}, 
1480065135,wzjb,{"status":false,"message":"id\u4e0d\u6b63\u786e","data":null,"errorCode":1014}, 
